Using pre-set license
Built from '2020.3/release' branch; Version is '2020.3.31f1 (6b54b7616050) revision 7034039'; Using compiler version '192528614'; Build Type 'Release'
OS: 'Windows 10  (10.0.19043) 64bit Core' Language: 'en' Physical Memory: 16343 MB
BatchMode: 1, IsHumanControllingUs: 0, StartBugReporterOnCrash: 0, Is64bit: 1, IsPro: 0

COMMAND LINE ARGUMENTS:
D:\Unity Projects\Engines\2020.3.31f1\Editor\Unity.exe
-adb2
-batchMode
-noUpm
-name
AssetImportWorker2
-projectPath
D:/Users/Anthony/Documents/GitHub/Idle-Tower-Adventure
-logFile
Logs/AssetImportWorker2.log
-srvPort
62033
Successfully changed project path to: D:/Users/Anthony/Documents/GitHub/Idle-Tower-Adventure
D:/Users/Anthony/Documents/GitHub/Idle-Tower-Adventure
Using Asset Import Pipeline V2.
Refreshing native plugins compatible for Editor in 124.92 ms, found 3 plugins.
Preloading 0 native plugins for Editor in 0.00 ms.
Initialize engine version: 2020.3.31f1 (6b54b7616050)
[Subsystems] Discovering subsystems at path D:/Unity Projects/Engines/2020.3.31f1/Editor/Data/Resources/UnitySubsystems
[Subsystems] Discovering subsystems at path D:/Users/Anthony/Documents/GitHub/Idle-Tower-Adventure/Assets
GfxDevice: creating device client; threaded=0
Direct3D:
    Version:  Direct3D 11.0 [level 11.1]
    Renderer: NVIDIA GeForce GTX 1050 Ti (ID=0x1c82)
    Vendor:   
    VRAM:     4018 MB
    Driver:   30.0.14.7168
Initialize mono
Mono path[0] = 'D:/Unity Projects/Engines/2020.3.31f1/Editor/Data/Managed'
Mono path[1] = 'D:/Unity Projects/Engines/2020.3.31f1/Editor/Data/MonoBleedingEdge/lib/mono/unityjit'
Mono config path = 'D:/Unity Projects/Engines/2020.3.31f1/Editor/Data/MonoBleedingEdge/etc'
Using monoOptions --debugger-agent=transport=dt_socket,embedding=1,server=y,suspend=n,address=127.0.0.1:56228
Begin MonoManager ReloadAssembly
Registering precompiled unity dll's ...
Register platform support module: D:/Unity Projects/Engines/2020.3.31f1/Editor/Data/PlaybackEngines/WindowsStandaloneSupport/UnityEditor.WindowsStandalone.Extensions.dll
Registered in 0.001052 seconds.
Native extension for WindowsStandalone target not found
Refreshing native plugins compatible for Editor in 107.14 ms, found 3 plugins.
Preloading 0 native plugins for Editor in 0.00 ms.
Mono: successfully reloaded assembly
- Completed reload, in  1.888 seconds
Domain Reload Profiling:
	ReloadAssembly (1889ms)
		BeginReloadAssembly (109ms)
			ExecutionOrderSort (0ms)
			DisableScriptedObjects (0ms)
			BackupInstance (0ms)
			ReleaseScriptingObjects (0ms)
			CreateAndSetChildDomain (7ms)
		EndReloadAssembly (1668ms)
			LoadAssemblies (102ms)
			RebuildTransferFunctionScriptingTraits (0ms)
			SetupTypeCache (284ms)
			ReleaseScriptCaches (0ms)
			RebuildScriptCaches (49ms)
			SetupLoadedEditorAssemblies (1146ms)
				LogAssemblyErrors (0ms)
				InitializePlatformSupportModulesInManaged (11ms)
				SetLoadedEditorAssemblies (0ms)
				RefreshPlugins (109ms)
				BeforeProcessingInitializeOnLoad (29ms)
				ProcessInitializeOnLoadAttributes (926ms)
				ProcessInitializeOnLoadMethodAttributes (69ms)
				AfterProcessingInitializeOnLoad (0ms)
				EditorAssembliesLoaded (0ms)
			ExecutionOrderSort2 (0ms)
			AwakeInstancesAfterBackupRestoration (0ms)
Platform modules already initialized, skipping
Registering precompiled user dll's ...
Registered in 0.002494 seconds.
Begin MonoManager ReloadAssembly
Native extension for WindowsStandalone target not found
Refreshing native plugins compatible for Editor in 151.73 ms, found 3 plugins.
Preloading 0 native plugins for Editor in 0.00 ms.
Mono: successfully reloaded assembly
- Completed reload, in  9.543 seconds
Domain Reload Profiling:
	ReloadAssembly (9548ms)
		BeginReloadAssembly (362ms)
			ExecutionOrderSort (0ms)
			DisableScriptedObjects (10ms)
			BackupInstance (0ms)
			ReleaseScriptingObjects (0ms)
			CreateAndSetChildDomain (37ms)
		EndReloadAssembly (9082ms)
			LoadAssemblies (4562ms)
			RebuildTransferFunctionScriptingTraits (0ms)
			SetupTypeCache (1667ms)
			ReleaseScriptCaches (1ms)
			RebuildScriptCaches (83ms)
			SetupLoadedEditorAssemblies (2565ms)
				LogAssemblyErrors (0ms)
				InitializePlatformSupportModulesInManaged (3ms)
				SetLoadedEditorAssemblies (0ms)
				RefreshPlugins (152ms)
				BeforeProcessingInitializeOnLoad (214ms)
				ProcessInitializeOnLoadAttributes (729ms)
				ProcessInitializeOnLoadMethodAttributes (1464ms)
				AfterProcessingInitializeOnLoad (3ms)
				EditorAssembliesLoaded (0ms)
			ExecutionOrderSort2 (0ms)
			AwakeInstancesAfterBackupRestoration (14ms)
Platform modules already initialized, skipping
========================================================================
Worker process is ready to serve import requests
Launched and connected shader compiler UnityShaderCompiler.exe after 0.15 seconds
Refreshing native plugins compatible for Editor in 1.82 ms, found 3 plugins.
Preloading 0 native plugins for Editor in 0.00 ms.
Unloading 2497 Unused Serialized files (Serialized files now loaded: 0)
System memory in use before: 111.5 MB.
System memory in use after: 111.7 MB.

Unloading 61 unused Assets to reduce memory usage. Loaded Objects now: 2910.
Total: 18.883400 ms (FindLiveObjects: 0.450100 ms CreateObjectMapping: 0.254000 ms MarkObjects: 18.085300 ms  DeleteObjects: 0.092500 ms)

AssetImportParameters requested are different than current active one (requested -> active):
  custom:framework-win-MediaFoundation: 216162199b28c13a410421893ffa2e32 -> 
  custom:video-decoder-ogg-theora: a1e56fd34408186e4bbccfd4996cb3dc -> 
  custom:container-muxer-webm: aa71ff27fc2769a1b78a27578f13a17b -> 
  custom:container-demuxer-webm: 4f35f7cbe854078d1ac9338744f61a02 -> 
  custom:container-demuxer-ogg: 62fdf1f143b41e24485cea50d1cbac27 -> 
  custom:video-encoder-webm-vp8: eb34c28f22e8b96e1ab97ce403110664 -> 
  custom:video-codec-MediaFoundation-h265: 746d11721c4dcdbdad8f713fa42b33f4 -> 
  custom:video-decoder-webm-vp8: 9c59270c3fd7afecdb556c50c9e8de78 -> 
  custom:audio-decoder-ogg-vorbis: bf7c407c2cedff20999df2af8eb42d56 -> 
  custom:audio-encoder-webm-vorbis: bf7c407c2cedff20999df2af8eb42d56 -> 
========================================================================
Received Import Request.
  path: Assets/sprites
  artifactKey: Guid(df1acfc81f4f468479511ab7748fd681) Importer(815301076,1909f56bfc062723c751e8b465ee728b)
Start importing Assets/sprites using Guid(df1acfc81f4f468479511ab7748fd681) Importer(815301076,1909f56bfc062723c751e8b465ee728b)  -> (artifact id: '5fafb568356a2e551fb47a3c1c5bd690') in 0.093957 seconds 
========================================================================
Received Import Request.
  Time since last request: 8200.164961 seconds.
  path: Assets/sprites/left_stand.png
  artifactKey: Guid(32ed217e9e05b1045b93bf11716e1cfa) Importer(815301076,1909f56bfc062723c751e8b465ee728b)
Start importing Assets/sprites/left_stand.png using Guid(32ed217e9e05b1045b93bf11716e1cfa) Importer(815301076,1909f56bfc062723c751e8b465ee728b)  -> (artifact id: '43c3fad1e1af4af2f94ab5c226f95ae7') in 0.469568 seconds 
========================================================================
Received Import Request.
  Time since last request: 0.000199 seconds.
  path: Assets/sprites/right_walk2.png
  artifactKey: Guid(1f121d7f583c09a479b67c42bf0c4f2b) Importer(815301076,1909f56bfc062723c751e8b465ee728b)
Start importing Assets/sprites/right_walk2.png using Guid(1f121d7f583c09a479b67c42bf0c4f2b) Importer(815301076,1909f56bfc062723c751e8b465ee728b)  -> (artifact id: '7768a39fe28a16e12a0d95906c6fd2e5') in 0.034441 seconds 
========================================================================
Received Import Request.
  Time since last request: 0.000244 seconds.
  path: Assets/sprites/left_walk2.png
  artifactKey: Guid(295b00a9536bf484ba29d5d4fbd586c6) Importer(815301076,1909f56bfc062723c751e8b465ee728b)
Start importing Assets/sprites/left_walk2.png using Guid(295b00a9536bf484ba29d5d4fbd586c6) Importer(815301076,1909f56bfc062723c751e8b465ee728b)  -> (artifact id: 'f6c7ff88ae75dc99d339770808120453') in 0.034999 seconds 
========================================================================
Received Import Request.
  Time since last request: 0.000304 seconds.
  path: Assets/sprites/right_walk1.png
  artifactKey: Guid(7e7e75a1f4eac834384123752a334552) Importer(815301076,1909f56bfc062723c751e8b465ee728b)
Start importing Assets/sprites/right_walk1.png using Guid(7e7e75a1f4eac834384123752a334552) Importer(815301076,1909f56bfc062723c751e8b465ee728b)  -> (artifact id: 'e2a6f82bf47eb85ad104827017b7a97c') in 0.031668 seconds 
========================================================================
Received Import Request.
  Time since last request: 0.000269 seconds.
  path: Assets/sprites/right_stand.png
  artifactKey: Guid(948d4701f47c4df458e62632866db1b3) Importer(815301076,1909f56bfc062723c751e8b465ee728b)
Start importing Assets/sprites/right_stand.png using Guid(948d4701f47c4df458e62632866db1b3) Importer(815301076,1909f56bfc062723c751e8b465ee728b)  -> (artifact id: '11ad4b1f3b2498bc38d9a22a418321ea') in 0.026284 seconds 
========================================================================
Received Import Request.
  Time since last request: 0.000198 seconds.
  path: Assets/sprites/left_walk1.png
  artifactKey: Guid(07612607d87cf5844ab05e9958bfd4c8) Importer(815301076,1909f56bfc062723c751e8b465ee728b)
Start importing Assets/sprites/left_walk1.png using Guid(07612607d87cf5844ab05e9958bfd4c8) Importer(815301076,1909f56bfc062723c751e8b465ee728b)  -> (artifact id: '06d60ca6a91787b1c94c3083aeffd7f7') in 0.029866 seconds 
========================================================================
Received Import Request.
  Time since last request: 17.329494 seconds.
  path: Assets/sprites/ShadowCasteer
  artifactKey: Guid(e74a592dcf9187e44b90ccc10665fc6d) Importer(815301076,1909f56bfc062723c751e8b465ee728b)
Start importing Assets/sprites/ShadowCasteer using Guid(e74a592dcf9187e44b90ccc10665fc6d) Importer(815301076,1909f56bfc062723c751e8b465ee728b)  -> (artifact id: 'baa6a839ac817749d88364cecd9bfb33') in 0.008908 seconds 
========================================================================
Received Import Request.
  Time since last request: 11.853895 seconds.
  path: Assets/sprites/Cleric
  artifactKey: Guid(46fe04b890a1af24494ad4f85cb89985) Importer(815301076,1909f56bfc062723c751e8b465ee728b)
Start importing Assets/sprites/Cleric using Guid(46fe04b890a1af24494ad4f85cb89985) Importer(815301076,1909f56bfc062723c751e8b465ee728b)  -> (artifact id: '489c19d50f7d77958e8f754ab4950dcd') in 0.026210 seconds 
========================================================================
Received Import Request.
  Time since last request: 6.504593 seconds.
  path: Assets/sprites/Fighter
  artifactKey: Guid(d4f2ab5d3ef99574b9b20e715e062205) Importer(815301076,1909f56bfc062723c751e8b465ee728b)
Start importing Assets/sprites/Fighter using Guid(d4f2ab5d3ef99574b9b20e715e062205) Importer(815301076,1909f56bfc062723c751e8b465ee728b)  -> (artifact id: 'af1d60200e0b96f77cd5447dd1cc11a5') in 0.045915 seconds 
========================================================================
Received Import Request.
  Time since last request: 10.003078 seconds.
  path: Assets/sprites/Barbarian
  artifactKey: Guid(6143ee810d88b2b4ead18a99035ec090) Importer(815301076,1909f56bfc062723c751e8b465ee728b)
Start importing Assets/sprites/Barbarian using Guid(6143ee810d88b2b4ead18a99035ec090) Importer(815301076,1909f56bfc062723c751e8b465ee728b)  -> (artifact id: '1224a83000b60655225c5cac55be452f') in 0.037106 seconds 
========================================================================
Received Import Request.
  Time since last request: 1977.440333 seconds.
  path: Assets/Prefabs/NPCs/Warlock.prefab
  artifactKey: Guid(4b09b24957200fa44952a1277802de95) Importer(815301076,1909f56bfc062723c751e8b465ee728b)
Start importing Assets/Prefabs/NPCs/Warlock.prefab using Guid(4b09b24957200fa44952a1277802de95) Importer(815301076,1909f56bfc062723c751e8b465ee728b)  -> (artifact id: 'e60dd42b6c00f626ba7c6d29a4dcd0e5') in 0.105149 seconds 
========================================================================
Received Import Request.
  Time since last request: 18.797515 seconds.
  path: Assets/Prefabs/NPCs/Warlock.prefab
  artifactKey: Guid(4b09b24957200fa44952a1277802de95) Importer(815301076,1909f56bfc062723c751e8b465ee728b)
Start importing Assets/Prefabs/NPCs/Warlock.prefab using Guid(4b09b24957200fa44952a1277802de95) Importer(815301076,1909f56bfc062723c751e8b465ee728b)  -> (artifact id: '845eb1f4cd148145dccdc8c6bec3c34a') in 0.033149 seconds 
========================================================================
Received Prepare
Registering precompiled user dll's ...
Registered in 0.881479 seconds.
Begin MonoManager ReloadAssembly
Native extension for WindowsStandalone target not found
Refreshing native plugins compatible for Editor in 0.91 ms, found 3 plugins.
Preloading 0 native plugins for Editor in 0.00 ms.
Mono: successfully reloaded assembly
- Completed reload, in 17.451 seconds
Domain Reload Profiling:
	ReloadAssembly (17453ms)
		BeginReloadAssembly (5330ms)
			ExecutionOrderSort (0ms)
			DisableScriptedObjects (13ms)
			BackupInstance (0ms)
			ReleaseScriptingObjects (0ms)
			CreateAndSetChildDomain (110ms)
		EndReloadAssembly (12030ms)
			LoadAssemblies (13040ms)
			RebuildTransferFunctionScriptingTraits (0ms)
			SetupTypeCache (1774ms)
			ReleaseScriptCaches (2ms)
			RebuildScriptCaches (58ms)
			SetupLoadedEditorAssemblies (2000ms)
				LogAssemblyErrors (0ms)
				InitializePlatformSupportModulesInManaged (11ms)
				SetLoadedEditorAssemblies (1ms)
				RefreshPlugins (1ms)
				BeforeProcessingInitializeOnLoad (170ms)
				ProcessInitializeOnLoadAttributes (460ms)
				ProcessInitializeOnLoadMethodAttributes (1339ms)
				AfterProcessingInitializeOnLoad (17ms)
				EditorAssembliesLoaded (0ms)
			ExecutionOrderSort2 (0ms)
			AwakeInstancesAfterBackupRestoration (33ms)
Platform modules already initialized, skipping
Switching build target platform(19) subTarget(0) extendedPlatform(0) -> platform(13) subTarget(537395200) extendedPlatform(0)
Refreshing native plugins compatible for Editor in 1.41 ms, found 3 plugins.
Preloading 0 native plugins for Editor in 0.00 ms.
Unloading 2489 Unused Serialized files (Serialized files now loaded: 0)
System memory in use before: 113.9 MB.
System memory in use after: 114.2 MB.

Unloading 50 unused Assets to reduce memory usage. Loaded Objects now: 2925.
Total: 7.829300 ms (FindLiveObjects: 0.230900 ms CreateObjectMapping: 0.166100 ms MarkObjects: 7.378500 ms  DeleteObjects: 0.052300 ms)

AssetImportParameters requested are different than current active one (requested -> active):
  custom:framework-win-MediaFoundation: 216162199b28c13a410421893ffa2e32 -> 
  custom:video-decoder-ogg-theora: a1e56fd34408186e4bbccfd4996cb3dc -> 
  custom:container-muxer-webm: aa71ff27fc2769a1b78a27578f13a17b -> 
  custom:container-demuxer-webm: 4f35f7cbe854078d1ac9338744f61a02 -> 
  custom:container-demuxer-ogg: 62fdf1f143b41e24485cea50d1cbac27 -> 
  custom:video-encoder-webm-vp8: eb34c28f22e8b96e1ab97ce403110664 -> 
  custom:video-codec-MediaFoundation-h265: 746d11721c4dcdbdad8f713fa42b33f4 -> 
  custom:video-decoder-webm-vp8: 9c59270c3fd7afecdb556c50c9e8de78 -> 
  custom:graphics/normal-map-encoding: 01000000000000000000000000000000 -> 02000000000000000000000000000000
  custom:audio-decoder-ogg-vorbis: bf7c407c2cedff20999df2af8eb42d56 -> 
  custom:audio-encoder-webm-vorbis: bf7c407c2cedff20999df2af8eb42d56 -> 
========================================================================
Received Import Request.
  Time since last request: 15381.690796 seconds.
  path: Assets/Prefabs/NPCs/Warlock.prefab
  artifactKey: Guid(4b09b24957200fa44952a1277802de95) Importer(815301076,1909f56bfc062723c751e8b465ee728b)
Start importing Assets/Prefabs/NPCs/Warlock.prefab using Guid(4b09b24957200fa44952a1277802de95) Importer(815301076,1909f56bfc062723c751e8b465ee728b)  -> (artifact id: '35b7ae35f612c9831b13c94880eda204') in 0.169991 seconds 
========================================================================
Received Import Request.
  Time since last request: 17195.053840 seconds.
  path: Assets/FiveFinger/KOACharacter/Resource/Character
  artifactKey: Guid(579adae5d583a424e8d0fa5ccfcc7504) Importer(815301076,1909f56bfc062723c751e8b465ee728b)
Start importing Assets/FiveFinger/KOACharacter/Resource/Character using Guid(579adae5d583a424e8d0fa5ccfcc7504) Importer(815301076,1909f56bfc062723c751e8b465ee728b)  -> (artifact id: '41f63beff2cf986d0d9ea3638b5cce27') in 0.010190 seconds 
========================================================================
Received Import Request.
  Time since last request: 0.692610 seconds.
  path: Assets/FiveFinger/KOACharacter/Resource/Character/Turner
  artifactKey: Guid(c1ec2fe28634fe0459c24ff2427fcacf) Importer(815301076,1909f56bfc062723c751e8b465ee728b)
Start importing Assets/FiveFinger/KOACharacter/Resource/Character/Turner using Guid(c1ec2fe28634fe0459c24ff2427fcacf) Importer(815301076,1909f56bfc062723c751e8b465ee728b)  -> (artifact id: '3371dda43782d2a9c65e7b88c31f5afd') in 0.006813 seconds 
========================================================================
Received Import Request.
  Time since last request: 0.000066 seconds.
  path: Assets/FiveFinger/KOACharacter/Resource/Character/Turner/turner_Atlas.asset
  artifactKey: Guid(5d598f87858d1c64a85b7b1d6cce1c85) Importer(815301076,1909f56bfc062723c751e8b465ee728b)
Start importing Assets/FiveFinger/KOACharacter/Resource/Character/Turner/turner_Atlas.asset using Guid(5d598f87858d1c64a85b7b1d6cce1c85) Importer(815301076,1909f56bfc062723c751e8b465ee728b)  -> (artifact id: '96090ddfc94d9dfeb448ce456b6e0056') in 0.038114 seconds 
========================================================================
Received Import Request.
  Time since last request: 0.000202 seconds.
  path: Assets/FiveFinger/KOACharacter/Resource/Character/Turner/turner_Material.mat
  artifactKey: Guid(845b7e5ffcee3fa43afd63bbfc65c11a) Importer(815301076,1909f56bfc062723c751e8b465ee728b)
Start importing Assets/FiveFinger/KOACharacter/Resource/Character/Turner/turner_Material.mat using Guid(845b7e5ffcee3fa43afd63bbfc65c11a) Importer(815301076,1909f56bfc062723c751e8b465ee728b)  -> (artifact id: '6a0cbe019b8931f3193d48d4cbdaab65') in 0.333259 seconds 
========================================================================
Received Import Request.
  Time since last request: 0.000266 seconds.
  path: Assets/FiveFinger/KOACharacter/Resource/Character/Turner/turner_SkeletonData.asset
  artifactKey: Guid(d859c3e20f6105843bb65e397cd48854) Importer(815301076,1909f56bfc062723c751e8b465ee728b)
Start importing Assets/FiveFinger/KOACharacter/Resource/Character/Turner/turner_SkeletonData.asset using Guid(d859c3e20f6105843bb65e397cd48854) Importer(815301076,1909f56bfc062723c751e8b465ee728b)  -> (artifact id: '7ab03ccd173954a6244687a18bd81d60') in 0.031842 seconds 
========================================================================
Received Import Request.
  Time since last request: 0.000213 seconds.
  path: Assets/FiveFinger/KOACharacter/Resource/Character/Turner/turner.png
  artifactKey: Guid(bcb55182a51a73749b48bfc8b26e2c7b) Importer(815301076,1909f56bfc062723c751e8b465ee728b)
Start importing Assets/FiveFinger/KOACharacter/Resource/Character/Turner/turner.png using Guid(bcb55182a51a73749b48bfc8b26e2c7b) Importer(815301076,1909f56bfc062723c751e8b465ee728b)  -> (artifact id: 'bb6baf3cac1c8075fe5cdf68b4bfc7f0') in 0.059175 seconds 
========================================================================
Received Import Request.
  Time since last request: 20.640188 seconds.
  path: Assets/FiveFinger/KOACharacter/Prefabs/Character/Turner.prefab
  artifactKey: Guid(9d497845eef56ae439406f724d137364) Importer(815301076,1909f56bfc062723c751e8b465ee728b)
Start importing Assets/FiveFinger/KOACharacter/Prefabs/Character/Turner.prefab using Guid(9d497845eef56ae439406f724d137364) Importer(815301076,1909f56bfc062723c751e8b465ee728b)  -> (artifact id: '2ba3483a1723da599901b10cc196a671') in 0.009918 seconds 
========================================================================
Received Import Request.
  Time since last request: 62.503341 seconds.
  path: Assets/FiveFinger/Unity5Version.zip
  artifactKey: Guid(d24004b9f618deb42a356fa98000f3dd) Importer(815301076,1909f56bfc062723c751e8b465ee728b)
Start importing Assets/FiveFinger/Unity5Version.zip using Guid(d24004b9f618deb42a356fa98000f3dd) Importer(815301076,1909f56bfc062723c751e8b465ee728b)  -> (artifact id: '1d2360542abb6d226abc9b2896c241d2') in 0.018607 seconds 
========================================================================
Received Prepare
Registering precompiled user dll's ...
Registered in 0.096307 seconds.
Begin MonoManager ReloadAssembly
Native extension for WindowsStandalone target not found
Refreshing native plugins compatible for Editor in 0.81 ms, found 3 plugins.
Preloading 0 native plugins for Editor in 0.00 ms.
Mono: successfully reloaded assembly
- Completed reload, in  2.540 seconds
Domain Reload Profiling:
	ReloadAssembly (2545ms)
		BeginReloadAssembly (424ms)
			ExecutionOrderSort (0ms)
			DisableScriptedObjects (24ms)
			BackupInstance (0ms)
			ReleaseScriptingObjects (0ms)
			CreateAndSetChildDomain (208ms)
		EndReloadAssembly (1985ms)
			LoadAssemblies (246ms)
			RebuildTransferFunctionScriptingTraits (0ms)
			SetupTypeCache (603ms)
			ReleaseScriptCaches (1ms)
			RebuildScriptCaches (83ms)
			SetupLoadedEditorAssemblies (839ms)
				LogAssemblyErrors (0ms)
				InitializePlatformSupportModulesInManaged (5ms)
				SetLoadedEditorAssemblies (2ms)
				RefreshPlugins (1ms)
				BeforeProcessingInitializeOnLoad (193ms)
				ProcessInitializeOnLoadAttributes (609ms)
				ProcessInitializeOnLoadMethodAttributes (26ms)
				AfterProcessingInitializeOnLoad (2ms)
				EditorAssembliesLoaded (0ms)
			ExecutionOrderSort2 (0ms)
			AwakeInstancesAfterBackupRestoration (27ms)
Platform modules already initialized, skipping
Switching build target platform(19) subTarget(0) extendedPlatform(0) -> platform(13) subTarget(537395200) extendedPlatform(0)
Refreshing native plugins compatible for Editor in 19.82 ms, found 3 plugins.
Preloading 0 native plugins for Editor in 0.00 ms.
Unloading 2489 Unused Serialized files (Serialized files now loaded: 0)
System memory in use before: 114.2 MB.
System memory in use after: 114.5 MB.

Unloading 50 unused Assets to reduce memory usage. Loaded Objects now: 2963.
Total: 4.083500 ms (FindLiveObjects: 0.225300 ms CreateObjectMapping: 0.129800 ms MarkObjects: 3.693200 ms  DeleteObjects: 0.034200 ms)

AssetImportParameters requested are different than current active one (requested -> active):
  custom:framework-win-MediaFoundation: 216162199b28c13a410421893ffa2e32 -> 
  custom:video-decoder-ogg-theora: a1e56fd34408186e4bbccfd4996cb3dc -> 
  custom:container-muxer-webm: aa71ff27fc2769a1b78a27578f13a17b -> 
  custom:container-demuxer-webm: 4f35f7cbe854078d1ac9338744f61a02 -> 
  custom:container-demuxer-ogg: 62fdf1f143b41e24485cea50d1cbac27 -> 
  custom:video-encoder-webm-vp8: eb34c28f22e8b96e1ab97ce403110664 -> 
  custom:video-codec-MediaFoundation-h265: 746d11721c4dcdbdad8f713fa42b33f4 -> 
  custom:video-decoder-webm-vp8: 9c59270c3fd7afecdb556c50c9e8de78 -> 
  custom:graphics/normal-map-encoding: 01000000000000000000000000000000 -> 02000000000000000000000000000000
  custom:audio-decoder-ogg-vorbis: bf7c407c2cedff20999df2af8eb42d56 -> 
  custom:audio-encoder-webm-vorbis: bf7c407c2cedff20999df2af8eb42d56 -> 
========================================================================
Received Prepare
Registering precompiled user dll's ...
Registered in 0.010759 seconds.
Begin MonoManager ReloadAssembly
Native extension for WindowsStandalone target not found
Refreshing native plugins compatible for Editor in 0.83 ms, found 3 plugins.
Preloading 0 native plugins for Editor in 0.00 ms.
Mono: successfully reloaded assembly
- Completed reload, in  6.684 seconds
Domain Reload Profiling:
	ReloadAssembly (6685ms)
		BeginReloadAssembly (1202ms)
			ExecutionOrderSort (0ms)
			DisableScriptedObjects (66ms)
			BackupInstance (0ms)
			ReleaseScriptingObjects (0ms)
			CreateAndSetChildDomain (521ms)
		EndReloadAssembly (4839ms)
			LoadAssemblies (1314ms)
			RebuildTransferFunctionScriptingTraits (0ms)
			SetupTypeCache (2795ms)
			ReleaseScriptCaches (5ms)
			RebuildScriptCaches (240ms)
			SetupLoadedEditorAssemblies (566ms)
				LogAssemblyErrors (0ms)
				InitializePlatformSupportModulesInManaged (15ms)
				SetLoadedEditorAssemblies (1ms)
				RefreshPlugins (1ms)
				BeforeProcessingInitializeOnLoad (169ms)
				ProcessInitializeOnLoadAttributes (360ms)
				ProcessInitializeOnLoadMethodAttributes (18ms)
				AfterProcessingInitializeOnLoad (3ms)
				EditorAssembliesLoaded (0ms)
			ExecutionOrderSort2 (0ms)
			AwakeInstancesAfterBackupRestoration (12ms)
Platform modules already initialized, skipping
Switching build target platform(19) subTarget(0) extendedPlatform(0) -> platform(13) subTarget(537395200) extendedPlatform(0)
Refreshing native plugins compatible for Editor in 0.80 ms, found 3 plugins.
Preloading 0 native plugins for Editor in 0.00 ms.
Unloading 2489 Unused Serialized files (Serialized files now loaded: 0)
System memory in use before: 114.3 MB.
System memory in use after: 114.5 MB.

Unloading 50 unused Assets to reduce memory usage. Loaded Objects now: 2966.
Total: 5.234800 ms (FindLiveObjects: 1.755500 ms CreateObjectMapping: 0.412200 ms MarkObjects: 3.031200 ms  DeleteObjects: 0.034400 ms)

AssetImportParameters requested are different than current active one (requested -> active):
  custom:framework-win-MediaFoundation: 216162199b28c13a410421893ffa2e32 -> 
  custom:video-decoder-ogg-theora: a1e56fd34408186e4bbccfd4996cb3dc -> 
  custom:container-muxer-webm: aa71ff27fc2769a1b78a27578f13a17b -> 
  custom:container-demuxer-webm: 4f35f7cbe854078d1ac9338744f61a02 -> 
  custom:container-demuxer-ogg: 62fdf1f143b41e24485cea50d1cbac27 -> 
  custom:video-encoder-webm-vp8: eb34c28f22e8b96e1ab97ce403110664 -> 
  custom:video-codec-MediaFoundation-h265: 746d11721c4dcdbdad8f713fa42b33f4 -> 
  custom:video-decoder-webm-vp8: 9c59270c3fd7afecdb556c50c9e8de78 -> 
  custom:graphics/normal-map-encoding: 01000000000000000000000000000000 -> 02000000000000000000000000000000
  custom:audio-decoder-ogg-vorbis: bf7c407c2cedff20999df2af8eb42d56 -> 
  custom:audio-encoder-webm-vorbis: bf7c407c2cedff20999df2af8eb42d56 -> 
AssetImportWorkerClient::OnTransportError - code=2 error=End of file
