Using pre-set license
Built from '2020.3/release' branch; Version is '2020.3.31f1 (6b54b7616050) revision 7034039'; Using compiler version '192528614'; Build Type 'Release'
OS: 'Windows 10  (10.0.19043) 64bit Core' Language: 'en' Physical Memory: 16343 MB
BatchMode: 1, IsHumanControllingUs: 0, StartBugReporterOnCrash: 0, Is64bit: 1, IsPro: 0

COMMAND LINE ARGUMENTS:
D:\Unity Projects\Engines\2020.3.31f1\Editor\Unity.exe
-adb2
-batchMode
-noUpm
-name
AssetImportWorker0
-projectPath
D:/Users/Anthony/Documents/GitHub/Idle-Tower-Adventure
-logFile
Logs/AssetImportWorker0.log
-srvPort
62452
Successfully changed project path to: D:/Users/Anthony/Documents/GitHub/Idle-Tower-Adventure
D:/Users/Anthony/Documents/GitHub/Idle-Tower-Adventure
Using Asset Import Pipeline V2.
Refreshing native plugins compatible for Editor in 71.56 ms, found 3 plugins.
Preloading 0 native plugins for Editor in 0.00 ms.
Initialize engine version: 2020.3.31f1 (6b54b7616050)
[Subsystems] Discovering subsystems at path D:/Unity Projects/Engines/2020.3.31f1/Editor/Data/Resources/UnitySubsystems
[Subsystems] Discovering subsystems at path D:/Users/Anthony/Documents/GitHub/Idle-Tower-Adventure/Assets
GfxDevice: creating device client; threaded=0
Direct3D:
    Version:  Direct3D 11.0 [level 11.1]
    Renderer: NVIDIA GeForce GTX 1050 Ti (ID=0x1c82)
    Vendor:   
    VRAM:     4018 MB
    Driver:   30.0.14.7168
Initialize mono
Mono path[0] = 'D:/Unity Projects/Engines/2020.3.31f1/Editor/Data/Managed'
Mono path[1] = 'D:/Unity Projects/Engines/2020.3.31f1/Editor/Data/MonoBleedingEdge/lib/mono/unityjit'
Mono config path = 'D:/Unity Projects/Engines/2020.3.31f1/Editor/Data/MonoBleedingEdge/etc'
Using monoOptions --debugger-agent=transport=dt_socket,embedding=1,server=y,suspend=n,address=127.0.0.1:56568
Begin MonoManager ReloadAssembly
Registering precompiled unity dll's ...
Register platform support module: D:/Unity Projects/Engines/2020.3.31f1/Editor/Data/PlaybackEngines/WindowsStandaloneSupport/UnityEditor.WindowsStandalone.Extensions.dll
Registered in 0.001152 seconds.
Native extension for WindowsStandalone target not found
Refreshing native plugins compatible for Editor in 78.90 ms, found 3 plugins.
Preloading 0 native plugins for Editor in 0.00 ms.
Mono: successfully reloaded assembly
- Completed reload, in  0.792 seconds
Domain Reload Profiling:
	ReloadAssembly (793ms)
		BeginReloadAssembly (77ms)
			ExecutionOrderSort (0ms)
			DisableScriptedObjects (0ms)
			BackupInstance (0ms)
			ReleaseScriptingObjects (0ms)
			CreateAndSetChildDomain (1ms)
		EndReloadAssembly (636ms)
			LoadAssemblies (75ms)
			RebuildTransferFunctionScriptingTraits (0ms)
			SetupTypeCache (183ms)
			ReleaseScriptCaches (0ms)
			RebuildScriptCaches (39ms)
			SetupLoadedEditorAssemblies (286ms)
				LogAssemblyErrors (0ms)
				InitializePlatformSupportModulesInManaged (5ms)
				SetLoadedEditorAssemblies (0ms)
				RefreshPlugins (79ms)
				BeforeProcessingInitializeOnLoad (26ms)
				ProcessInitializeOnLoadAttributes (134ms)
				ProcessInitializeOnLoadMethodAttributes (42ms)
				AfterProcessingInitializeOnLoad (0ms)
				EditorAssembliesLoaded (0ms)
			ExecutionOrderSort2 (0ms)
			AwakeInstancesAfterBackupRestoration (0ms)
Platform modules already initialized, skipping
Registering precompiled user dll's ...
Registered in 0.003971 seconds.
Begin MonoManager ReloadAssembly
Native extension for WindowsStandalone target not found
Refreshing native plugins compatible for Editor in 63.15 ms, found 3 plugins.
Preloading 0 native plugins for Editor in 0.00 ms.
Mono: successfully reloaded assembly
- Completed reload, in  1.523 seconds
Domain Reload Profiling:
	ReloadAssembly (1524ms)
		BeginReloadAssembly (178ms)
			ExecutionOrderSort (0ms)
			DisableScriptedObjects (8ms)
			BackupInstance (0ms)
			ReleaseScriptingObjects (0ms)
			CreateAndSetChildDomain (23ms)
		EndReloadAssembly (1280ms)
			LoadAssemblies (134ms)
			RebuildTransferFunctionScriptingTraits (0ms)
			SetupTypeCache (445ms)
			ReleaseScriptCaches (2ms)
			RebuildScriptCaches (59ms)
			SetupLoadedEditorAssemblies (506ms)
				LogAssemblyErrors (0ms)
				InitializePlatformSupportModulesInManaged (5ms)
				SetLoadedEditorAssemblies (0ms)
				RefreshPlugins (63ms)
				BeforeProcessingInitializeOnLoad (123ms)
				ProcessInitializeOnLoadAttributes (281ms)
				ProcessInitializeOnLoadMethodAttributes (29ms)
				AfterProcessingInitializeOnLoad (4ms)
				EditorAssembliesLoaded (0ms)
			ExecutionOrderSort2 (0ms)
			AwakeInstancesAfterBackupRestoration (7ms)
Platform modules already initialized, skipping
========================================================================
Worker process is ready to serve import requests
Launched and connected shader compiler UnityShaderCompiler.exe after 0.09 seconds
Refreshing native plugins compatible for Editor in 0.76 ms, found 3 plugins.
Preloading 0 native plugins for Editor in 0.00 ms.
Unloading 2493 Unused Serialized files (Serialized files now loaded: 0)
System memory in use before: 111.3 MB.
System memory in use after: 111.4 MB.

Unloading 61 unused Assets to reduce memory usage. Loaded Objects now: 2906.
Total: 3.965900 ms (FindLiveObjects: 0.203000 ms CreateObjectMapping: 0.147200 ms MarkObjects: 3.536500 ms  DeleteObjects: 0.078200 ms)

AssetImportParameters requested are different than current active one (requested -> active):
  custom:framework-win-MediaFoundation: 216162199b28c13a410421893ffa2e32 -> 
  custom:video-decoder-ogg-theora: a1e56fd34408186e4bbccfd4996cb3dc -> 
  custom:container-muxer-webm: aa71ff27fc2769a1b78a27578f13a17b -> 
  custom:container-demuxer-webm: 4f35f7cbe854078d1ac9338744f61a02 -> 
  custom:container-demuxer-ogg: 62fdf1f143b41e24485cea50d1cbac27 -> 
  custom:video-encoder-webm-vp8: eb34c28f22e8b96e1ab97ce403110664 -> 
  custom:video-codec-MediaFoundation-h265: 746d11721c4dcdbdad8f713fa42b33f4 -> 
  custom:video-decoder-webm-vp8: 9c59270c3fd7afecdb556c50c9e8de78 -> 
  custom:audio-decoder-ogg-vorbis: bf7c407c2cedff20999df2af8eb42d56 -> 
  custom:audio-encoder-webm-vorbis: bf7c407c2cedff20999df2af8eb42d56 -> 
========================================================================
Received Import Request.
  path: Assets/Prefabs/Monk.prefab
  artifactKey: Guid(defdc99976d45fa48a7fd3318e93e98d) Importer(815301076,1909f56bfc062723c751e8b465ee728b)
Start importing Assets/Prefabs/Monk.prefab using Guid(defdc99976d45fa48a7fd3318e93e98d) Importer(815301076,1909f56bfc062723c751e8b465ee728b)  -> (artifact id: 'f5c9f80e6bf3eb8e4a907e293a47e5f7') in 0.149878 seconds 
========================================================================
Received Import Request.
  Time since last request: 124.816104 seconds.
  path: Assets/Prefabs/Monk 1.prefab
  artifactKey: Guid(1ba95d79d0a709448936453ae6081198) Importer(815301076,1909f56bfc062723c751e8b465ee728b)
Start importing Assets/Prefabs/Monk 1.prefab using Guid(1ba95d79d0a709448936453ae6081198) Importer(815301076,1909f56bfc062723c751e8b465ee728b)  -> (artifact id: '0c6dd915d6fd93dd30cb8fa0a554e751') in 0.034906 seconds 
========================================================================
Received Import Request.
  Time since last request: 65.190758 seconds.
  path: Assets/Prefabs/Cleric.prefab
  artifactKey: Guid(1ba95d79d0a709448936453ae6081198) Importer(815301076,1909f56bfc062723c751e8b465ee728b)
Start importing Assets/Prefabs/Cleric.prefab using Guid(1ba95d79d0a709448936453ae6081198) Importer(815301076,1909f56bfc062723c751e8b465ee728b)  -> (artifact id: '729c723abb954cc6057e1aa996de2286') in 0.027635 seconds 
========================================================================
Received Import Request.
  Time since last request: 3732.547321 seconds.
  path: Assets/Prefabs/Bard.prefab
  artifactKey: Guid(8aac729b706dc8d4abe2ad1e4eb5370d) Importer(815301076,1909f56bfc062723c751e8b465ee728b)
Start importing Assets/Prefabs/Bard.prefab using Guid(8aac729b706dc8d4abe2ad1e4eb5370d) Importer(815301076,1909f56bfc062723c751e8b465ee728b)  -> (artifact id: 'fdf803317d28a673c721bfb1feb4d59c') in 0.049454 seconds 
========================================================================
Received Import Request.
  Time since last request: 58.851955 seconds.
  path: Assets/Prefabs/Wizzard.prefab
  artifactKey: Guid(8a62baac736224a43b06144ee4696bc1) Importer(815301076,1909f56bfc062723c751e8b465ee728b)
Start importing Assets/Prefabs/Wizzard.prefab using Guid(8a62baac736224a43b06144ee4696bc1) Importer(815301076,1909f56bfc062723c751e8b465ee728b)  -> (artifact id: '01c4b06a7f9f0e8ddb60112307526965') in 0.021878 seconds 
========================================================================
Received Import Request.
  Time since last request: 22.906104 seconds.
  path: Assets/Prefabs/Warlock.prefab
  artifactKey: Guid(4b09b24957200fa44952a1277802de95) Importer(815301076,1909f56bfc062723c751e8b465ee728b)
Start importing Assets/Prefabs/Warlock.prefab using Guid(4b09b24957200fa44952a1277802de95) Importer(815301076,1909f56bfc062723c751e8b465ee728b)  -> (artifact id: '691606fcd80deb3cbbdd784e4a6b31c2') in 0.020954 seconds 
========================================================================
Received Import Request.
  Time since last request: 240.991276 seconds.
  path: Assets/Prefabs/Warlock 1.prefab
  artifactKey: Guid(4b89a1393c98b6a46b00cbecef2ef29c) Importer(815301076,1909f56bfc062723c751e8b465ee728b)
Start importing Assets/Prefabs/Warlock 1.prefab using Guid(4b89a1393c98b6a46b00cbecef2ef29c) Importer(815301076,1909f56bfc062723c751e8b465ee728b)  -> (artifact id: '63160f66824d7836c58e9af29bb7ec1e') in 0.030186 seconds 
========================================================================
Received Import Request.
  Time since last request: 13.410895 seconds.
  path: Assets/Prefabs/Fighter.prefab
  artifactKey: Guid(63d737b6f4a4cd74e890f9ea2043b109) Importer(815301076,1909f56bfc062723c751e8b465ee728b)
Start importing Assets/Prefabs/Fighter.prefab using Guid(63d737b6f4a4cd74e890f9ea2043b109) Importer(815301076,1909f56bfc062723c751e8b465ee728b)  -> (artifact id: 'eedf280a31fffb56d6524f55bb93ff7d') in 0.034558 seconds 
========================================================================
Received Import Request.
  Time since last request: 2.758045 seconds.
  path: Assets/Prefabs/Fighter.prefab
  artifactKey: Guid(63d737b6f4a4cd74e890f9ea2043b109) Importer(815301076,1909f56bfc062723c751e8b465ee728b)
Start importing Assets/Prefabs/Fighter.prefab using Guid(63d737b6f4a4cd74e890f9ea2043b109) Importer(815301076,1909f56bfc062723c751e8b465ee728b)  -> (artifact id: 'cea7f75ae9c3bf95844200d140af8312') in 0.028553 seconds 
========================================================================
Received Import Request.
  Time since last request: 1616.706045 seconds.
  path: Assets/Prefabs/Sorcerer.prefab
  artifactKey: Guid(4b89a1393c98b6a46b00cbecef2ef29c) Importer(815301076,1909f56bfc062723c751e8b465ee728b)
Start importing Assets/Prefabs/Sorcerer.prefab using Guid(4b89a1393c98b6a46b00cbecef2ef29c) Importer(815301076,1909f56bfc062723c751e8b465ee728b)  -> (artifact id: 'ea2c92c474d469b5e8a28d705956c292') in 0.042078 seconds 
========================================================================
Received Import Request.
  Time since last request: 407.092273 seconds.
  path: ProjectSettings/TagManager.asset
  artifactKey: Guid(00000000000000003000000000000000) Importer(815301076,1909f56bfc062723c751e8b465ee728b)
Start importing ProjectSettings/TagManager.asset using Guid(00000000000000003000000000000000) Importer(815301076,1909f56bfc062723c751e8b465ee728b)  -> (artifact id: 'd82a72f43387707ebdfbcba9782b948b') in 0.014492 seconds 
========================================================================
Received Import Request.
  Time since last request: 444.007086 seconds.
  path: Assets/Prefabs/Paladin.prefab
  artifactKey: Guid(cc13a577d1fb55844a8099ecfdac1e1c) Importer(815301076,1909f56bfc062723c751e8b465ee728b)
Start importing Assets/Prefabs/Paladin.prefab using Guid(cc13a577d1fb55844a8099ecfdac1e1c) Importer(815301076,1909f56bfc062723c751e8b465ee728b)  -> (artifact id: '1a1206de7e2458090d3882f1673a5b13') in 0.024026 seconds 
========================================================================
Received Import Request.
  Time since last request: 450.069137 seconds.
  path: Assets/Prefabs/NPCs
  artifactKey: Guid(951e2a607dbab3740ba228ca72e5bce4) Importer(815301076,1909f56bfc062723c751e8b465ee728b)
Start importing Assets/Prefabs/NPCs using Guid(951e2a607dbab3740ba228ca72e5bce4) Importer(815301076,1909f56bfc062723c751e8b465ee728b)  -> (artifact id: 'c3dc4873dfe53ec7a8386a492e4678bf') in 0.007932 seconds 
AssetImportWorkerClient::OnTransportError - code=2 error=End of file
